[2025-03-01 10:50:42] production.ERROR: The /opt/lampp/htdocs/ecom-store/bootstrap/bootstrap/cache directory must be present and writable. {"exception":"[object] (Exception(code: 0): The /opt/lampp/htdocs/ecom-store/bootstrap/bootstrap/cache directory must be present and writable. at /opt/lampp/htdocs/ecom-store/vendor/laravel/framework/src/Illuminate/Foundation/PackageManifest.php:179)
[stacktrace]
#0 /opt/lampp/htdocs/ecom-store/vendor/laravel/framework/src/Illuminate/Foundation/PackageManifest.php(132): Illuminate\\Foundation\\PackageManifest->write()
#1 /opt/lampp/htdocs/ecom-store/vendor/laravel/framework/src/Illuminate/Foundation/PackageManifest.php(108): Illuminate\\Foundation\\PackageManifest->build()
#2 /opt/lampp/htdocs/ecom-store/vendor/laravel/framework/src/Illuminate/Foundation/PackageManifest.php(91): Illuminate\\Foundation\\PackageManifest->getManifest()
#3 /opt/lampp/htdocs/ecom-store/vendor/laravel/framework/src/Illuminate/Foundation/PackageManifest.php(80): Illuminate\\Foundation\\PackageManifest->config()
#4 /opt/lampp/htdocs/ecom-store/vendor/laravel/framework/src/Illuminate/Foundation/Bootstrap/RegisterFacades.php(26): Illuminate\\Foundation\\PackageManifest->aliases()
#5 /opt/lampp/htdocs/ecom-store/vendor/laravel/framework/src/Illuminate/Foundation/Application.php(342): Illuminate\\Foundation\\Bootstrap\\RegisterFacades->bootstrap()
#6 /opt/lampp/htdocs/ecom-store/vendor/laravel/framework/src/Illuminate/Foundation/Console/Kernel.php(474): Illuminate\\Foundation\\Application->bootstrapWith()
#7 /opt/lampp/htdocs/ecom-store/vendor/laravel/framework/src/Illuminate/Foundation/Console/Kernel.php(196): Illuminate\\Foundation\\Console\\Kernel->bootstrap()
#8 Command line code(1): Illuminate\\Foundation\\Console\\Kernel->handle()
#9 {main}
"} 
[2025-03-01 10:50:42] production.ERROR: The /opt/lampp/htdocs/ecom-store/bootstrap/bootstrap/cache directory must be present and writable. {"exception":"[object] (Exception(code: 0): The /opt/lampp/htdocs/ecom-store/bootstrap/bootstrap/cache directory must be present and writable. at /opt/lampp/htdocs/ecom-store/vendor/laravel/framework/src/Illuminate/Foundation/PackageManifest.php:179)
[stacktrace]
#0 /opt/lampp/htdocs/ecom-store/vendor/laravel/framework/src/Illuminate/Foundation/PackageManifest.php(132): Illuminate\\Foundation\\PackageManifest->write()
#1 /opt/lampp/htdocs/ecom-store/vendor/laravel/framework/src/Illuminate/Foundation/PackageManifest.php(108): Illuminate\\Foundation\\PackageManifest->build()
#2 /opt/lampp/htdocs/ecom-store/vendor/laravel/framework/src/Illuminate/Foundation/PackageManifest.php(91): Illuminate\\Foundation\\PackageManifest->getManifest()
#3 /opt/lampp/htdocs/ecom-store/vendor/laravel/framework/src/Illuminate/Foundation/PackageManifest.php(80): Illuminate\\Foundation\\PackageManifest->config()
#4 /opt/lampp/htdocs/ecom-store/vendor/laravel/framework/src/Illuminate/Foundation/Bootstrap/RegisterFacades.php(26): Illuminate\\Foundation\\PackageManifest->aliases()
#5 /opt/lampp/htdocs/ecom-store/vendor/laravel/framework/src/Illuminate/Foundation/Application.php(342): Illuminate\\Foundation\\Bootstrap\\RegisterFacades->bootstrap()
#6 /opt/lampp/htdocs/ecom-store/vendor/laravel/framework/src/Illuminate/Foundation/Console/Kernel.php(474): Illuminate\\Foundation\\Application->bootstrapWith()
#7 /opt/lampp/htdocs/ecom-store/vendor/laravel/framework/src/Illuminate/Foundation/Console/Kernel.php(196): Illuminate\\Foundation\\Console\\Kernel->bootstrap()
#8 Command line code(1): Illuminate\\Foundation\\Console\\Kernel->handle()
#9 {main}
"} 
[2025-03-01 10:51:42] production.ERROR: The /opt/lampp/htdocs/ecom-store/bootstrap/bootstrap/cache directory must be present and writable. {"exception":"[object] (Exception(code: 0): The /opt/lampp/htdocs/ecom-store/bootstrap/bootstrap/cache directory must be present and writable. at /opt/lampp/htdocs/ecom-store/vendor/laravel/framework/src/Illuminate/Foundation/PackageManifest.php:179)
[stacktrace]
#0 /opt/lampp/htdocs/ecom-store/vendor/laravel/framework/src/Illuminate/Foundation/PackageManifest.php(132): Illuminate\\Foundation\\PackageManifest->write()
#1 /opt/lampp/htdocs/ecom-store/vendor/laravel/framework/src/Illuminate/Foundation/PackageManifest.php(108): Illuminate\\Foundation\\PackageManifest->build()
#2 /opt/lampp/htdocs/ecom-store/vendor/laravel/framework/src/Illuminate/Foundation/PackageManifest.php(91): Illuminate\\Foundation\\PackageManifest->getManifest()
#3 /opt/lampp/htdocs/ecom-store/vendor/laravel/framework/src/Illuminate/Foundation/PackageManifest.php(80): Illuminate\\Foundation\\PackageManifest->config()
#4 /opt/lampp/htdocs/ecom-store/vendor/laravel/framework/src/Illuminate/Foundation/Bootstrap/RegisterFacades.php(26): Illuminate\\Foundation\\PackageManifest->aliases()
#5 /opt/lampp/htdocs/ecom-store/vendor/laravel/framework/src/Illuminate/Foundation/Application.php(342): Illuminate\\Foundation\\Bootstrap\\RegisterFacades->bootstrap()
#6 /opt/lampp/htdocs/ecom-store/vendor/laravel/framework/src/Illuminate/Foundation/Console/Kernel.php(474): Illuminate\\Foundation\\Application->bootstrapWith()
#7 /opt/lampp/htdocs/ecom-store/vendor/laravel/framework/src/Illuminate/Foundation/Console/Kernel.php(196): Illuminate\\Foundation\\Console\\Kernel->bootstrap()
#8 Command line code(1): Illuminate\\Foundation\\Console\\Kernel->handle()
#9 {main}
"} 
[2025-03-01 10:51:42] production.ERROR: The /opt/lampp/htdocs/ecom-store/bootstrap/bootstrap/cache directory must be present and writable. {"exception":"[object] (Exception(code: 0): The /opt/lampp/htdocs/ecom-store/bootstrap/bootstrap/cache directory must be present and writable. at /opt/lampp/htdocs/ecom-store/vendor/laravel/framework/src/Illuminate/Foundation/PackageManifest.php:179)
[stacktrace]
#0 /opt/lampp/htdocs/ecom-store/vendor/laravel/framework/src/Illuminate/Foundation/PackageManifest.php(132): Illuminate\\Foundation\\PackageManifest->write()
#1 /opt/lampp/htdocs/ecom-store/vendor/laravel/framework/src/Illuminate/Foundation/PackageManifest.php(108): Illuminate\\Foundation\\PackageManifest->build()
#2 /opt/lampp/htdocs/ecom-store/vendor/laravel/framework/src/Illuminate/Foundation/PackageManifest.php(91): Illuminate\\Foundation\\PackageManifest->getManifest()
#3 /opt/lampp/htdocs/ecom-store/vendor/laravel/framework/src/Illuminate/Foundation/PackageManifest.php(80): Illuminate\\Foundation\\PackageManifest->config()
#4 /opt/lampp/htdocs/ecom-store/vendor/laravel/framework/src/Illuminate/Foundation/Bootstrap/RegisterFacades.php(26): Illuminate\\Foundation\\PackageManifest->aliases()
#5 /opt/lampp/htdocs/ecom-store/vendor/laravel/framework/src/Illuminate/Foundation/Application.php(342): Illuminate\\Foundation\\Bootstrap\\RegisterFacades->bootstrap()
#6 /opt/lampp/htdocs/ecom-store/vendor/laravel/framework/src/Illuminate/Foundation/Console/Kernel.php(474): Illuminate\\Foundation\\Application->bootstrapWith()
#7 /opt/lampp/htdocs/ecom-store/vendor/laravel/framework/src/Illuminate/Foundation/Console/Kernel.php(196): Illuminate\\Foundation\\Console\\Kernel->bootstrap()
#8 Command line code(1): Illuminate\\Foundation\\Console\\Kernel->handle()
#9 {main}
"} 
[2025-03-01 10:51:42] production.ERROR: The /opt/lampp/htdocs/ecom-store/bootstrap/bootstrap/cache directory must be present and writable. {"exception":"[object] (Exception(code: 0): The /opt/lampp/htdocs/ecom-store/bootstrap/bootstrap/cache directory must be present and writable. at /opt/lampp/htdocs/ecom-store/vendor/laravel/framework/src/Illuminate/Foundation/PackageManifest.php:179)
[stacktrace]
#0 /opt/lampp/htdocs/ecom-store/vendor/laravel/framework/src/Illuminate/Foundation/PackageManifest.php(132): Illuminate\\Foundation\\PackageManifest->write()
#1 /opt/lampp/htdocs/ecom-store/vendor/laravel/framework/src/Illuminate/Foundation/PackageManifest.php(108): Illuminate\\Foundation\\PackageManifest->build()
#2 /opt/lampp/htdocs/ecom-store/vendor/laravel/framework/src/Illuminate/Foundation/PackageManifest.php(91): Illuminate\\Foundation\\PackageManifest->getManifest()
#3 /opt/lampp/htdocs/ecom-store/vendor/laravel/framework/src/Illuminate/Foundation/PackageManifest.php(80): Illuminate\\Foundation\\PackageManifest->config()
#4 /opt/lampp/htdocs/ecom-store/vendor/laravel/framework/src/Illuminate/Foundation/Bootstrap/RegisterFacades.php(26): Illuminate\\Foundation\\PackageManifest->aliases()
#5 /opt/lampp/htdocs/ecom-store/vendor/laravel/framework/src/Illuminate/Foundation/Application.php(342): Illuminate\\Foundation\\Bootstrap\\RegisterFacades->bootstrap()
#6 /opt/lampp/htdocs/ecom-store/vendor/laravel/framework/src/Illuminate/Foundation/Console/Kernel.php(474): Illuminate\\Foundation\\Application->bootstrapWith()
#7 /opt/lampp/htdocs/ecom-store/vendor/laravel/framework/src/Illuminate/Foundation/Console/Kernel.php(196): Illuminate\\Foundation\\Console\\Kernel->bootstrap()
#8 Command line code(1): Illuminate\\Foundation\\Console\\Kernel->handle()
#9 {main}
"} 
